[demo.artureanec.com/html/helpo/index.html]
[demo.artureanec.com/html/helpo/img/favicon.ico]
[backblue.gif]
[fade.gif]
[index.html]
[demo.artureanec.com/html/helpo/css/styles.min.css]
[demo.artureanec.com/html/helpo/front_3.html]
[demo.artureanec.com/html/helpo/front_2.html]
[demo.artureanec.com/html/helpo/mono/index.html]
[demo.artureanec.com/html/helpo/mono/front_2.html]
[demo.artureanec.com/html/helpo/mono/front_3.html]
[demo.artureanec.com/html/helpo/about.html]
[demo.artureanec.com/html/helpo/typography.html]
[demo.artureanec.com/html/helpo/donors.html]
[demo.artureanec.com/html/helpo/volunteer.html]
[demo.artureanec.com/html/helpo/events.html]
[demo.artureanec.com/html/helpo/event-details.html]
[demo.artureanec.com/html/helpo/stories.html]
[demo.artureanec.com/html/helpo/story-details.html]
[demo.artureanec.com/html/helpo/blog.html]
[demo.artureanec.com/html/helpo/blog-post.html]
[demo.artureanec.com/html/helpo/gallery.html]
[demo.artureanec.com/html/helpo/pricing.html]
[demo.artureanec.com/html/helpo/faq.html]
[demo.artureanec.com/html/helpo/404.html]
[demo.artureanec.com/html/helpo/causes.html]
[demo.artureanec.com/html/helpo/causes_2.html]
[demo.artureanec.com/html/helpo/causes_3.html]
[demo.artureanec.com/html/helpo/shop-product.html]
[demo.artureanec.com/html/helpo/shop-cart.html]
[demo.artureanec.com/html/helpo/shop-checkout.html]
[demo.artureanec.com/html/helpo/shop-account.html]
[demo.artureanec.com/html/helpo/contacts.html]
[demo.artureanec.com/html/helpo/alerts.html]
[demo.artureanec.com/html/helpo/team.html]
[demo.artureanec.com/html/helpo/testimonials.html]
[demo.artureanec.com/html/helpo/accordion.html]
[demo.artureanec.com/html/helpo/tabs.html]
[demo.artureanec.com/html/helpo/pricing-plan.html]
[demo.artureanec.com/html/helpo/counters.html]
[demo.artureanec.com/html/helpo/icons.html]
[demo.artureanec.com/html/helpo/img/logo_white.png]
[demo.artureanec.com/html/helpo/team-member.html]
[demo.artureanec.com/html/helpo/img/375promo_1.jpg]
[demo.artureanec.com/html/helpo/img/375promo_2.jpg]
[demo.artureanec.com/html/helpo/img/375promo_3.jpg]
[demo.artureanec.com/html/helpo/img/video_block.jpg]
[demo.artureanec.com/html/helpo/img/about_layout.png]
[demo.artureanec.com/html/helpo/img/about-us.jpg]
[demo.artureanec.com/html/helpo/img/icon_1-1.png]
[demo.artureanec.com/html/helpo/img/icon_2-2.png]
[demo.artureanec.com/html/helpo/img/icon_3-3.png]
[demo.artureanec.com/html/helpo/img/icon_4-4.png]
[demo.artureanec.com/html/helpo/img/causes_img.png]
[demo.artureanec.com/html/helpo/img/causes_1.jpg]
[demo.artureanec.com/html/helpo/img/causes_2.jpg]
[demo.artureanec.com/html/helpo/img/causes_3.jpg]
[demo.artureanec.com/html/helpo/img/causes_4.jpg]
[demo.artureanec.com/html/helpo/img/projects_1.jpg]
[demo.artureanec.com/html/helpo/img/projects_2.jpg]
[demo.artureanec.com/html/helpo/img/projects_3.jpg]
[demo.artureanec.com/html/helpo/img/projects_4.jpg]
[demo.artureanec.com/html/helpo/img/projects_5.jpg]
[demo.artureanec.com/html/helpo/img/projects_6.jpg]
[demo.artureanec.com/html/helpo/img/events_bg.png]
[demo.artureanec.com/html/helpo/img/event_1.jpg]
[demo.artureanec.com/html/helpo/img/event_2.jpg]
[demo.artureanec.com/html/helpo/img/event_3.jpg]
[demo.artureanec.com/html/helpo/img/text-section.png]
[demo.artureanec.com/html/helpo/img/testimonials_2.jpg]
[demo.artureanec.com/html/helpo/img/blog_bg.png]
[demo.artureanec.com/html/helpo/img/blog_1.jpg]
[demo.artureanec.com/html/helpo/img/blog_2.png]
[demo.artureanec.com/html/helpo/img/blog_3.png]
[demo.artureanec.com/html/helpo/img/blog_4.png]
[demo.artureanec.com/html/helpo/img/donor_1.png]
[demo.artureanec.com/html/helpo/img/donor_2.png]
[demo.artureanec.com/html/helpo/img/donor_3.png]
[demo.artureanec.com/html/helpo/img/donor_4.png]
[demo.artureanec.com/html/helpo/img/ig_1.jpg]
[demo.artureanec.com/html/helpo/img/ig_2.jpg]
[demo.artureanec.com/html/helpo/img/ig_3.jpg]
[demo.artureanec.com/html/helpo/img/ig_4.jpg]
[demo.artureanec.com/html/helpo/img/ig_5.jpg]
[demo.artureanec.com/html/helpo/img/ig_6.jpg]
[ajax.googleapis.com/ajax/libs/jquery/2.2.4/jquery.min.js]
[demo.artureanec.com/html/helpo/js/libs.min.js]
[demo.artureanec.com/html/helpo/index.html]
[demo.artureanec.com/html/helpo/js/common.min.js]
[demo.artureanec.com/html/helpo/fonts/font-awesome/fontawesome-webfont3e6e.eot]
[demo.artureanec.com/html/helpo/fonts/font-awesome/fontawesome-webfontd41d.eot]
[demo.artureanec.com/html/helpo/fonts/font-awesome/fontawesome-webfont3e6e.woff2]
[demo.artureanec.com/html/helpo/fonts/font-awesome/fontawesome-webfont3e6e.woff]
[demo.artureanec.com/html/helpo/fonts/font-awesome/fontawesome-webfont3e6e.ttf]
[demo.artureanec.com/html/helpo/fonts/font-awesome/fontawesome-webfont3e6e.svg]
[demo.artureanec.com/html/helpo/fonts/font-awesome/fontawesome-webfont.eot]
[demo.artureanec.com/html/helpo/fonts/font-awesome/fontawesome-webfont.woff]
[demo.artureanec.com/html/helpo/fonts/font-awesome/fontawesome-webfont.ttf]
[demo.artureanec.com/html/helpo/fonts/storytella/storytella.eot]
[demo.artureanec.com/html/helpo/fonts/storytella/storytellad41d.eot]
[demo.artureanec.com/html/helpo/fonts/storytella/storytella.woff]
[demo.artureanec.com/html/helpo/fonts/storytella/storytella.ttf]
[demo.artureanec.com/html/helpo/css/styles.min.css]
[demo.artureanec.com/html/helpo/img/video_block-2.jpg]
[demo.artureanec.com/html/helpo/img/svg/icons_2/1_blood.svg]
[demo.artureanec.com/html/helpo/img/svg/icons_2/1_house.svg]
[demo.artureanec.com/html/helpo/img/svg/icons_2/1_charity.svg]
[demo.artureanec.com/html/helpo/img/svg/icons_2/1_nature.svg]
[demo.artureanec.com/html/helpo/img/counter.jpg]
[demo.artureanec.com/html/helpo/img/text-section_2.png]
[demo.artureanec.com/html/helpo/img/blog_bg-2.png]
[demo.artureanec.com/html/helpo/img/blog_7.jpg]
[demo.artureanec.com/html/helpo/img/volunteer-2.png]
[demo.artureanec.com/html/helpo/front_2.html]
[demo.artureanec.com/html/helpo/img/375front-3_promo.jpg]
[demo.artureanec.com/html/helpo/img/375front-3_promo-2.jpg]
[demo.artureanec.com/html/helpo/img/375front-3_promo-3.jpg]
[demo.artureanec.com/html/helpo/img/video_block-3.jpg]
[demo.artureanec.com/html/helpo/img/about-us-2.jpg]
[demo.artureanec.com/html/helpo/img/svg/icons_3/2_animal_shelter.svg]
[demo.artureanec.com/html/helpo/img/svg/icons_3/2_beggar.svg]
[demo.artureanec.com/html/helpo/img/svg/icons_3/2_charity.svg]
[demo.artureanec.com/html/helpo/img/svg/icons_3/2_child.svg]
[demo.artureanec.com/html/helpo/img/svg/icons_3/2_love.svg]
[demo.artureanec.com/html/helpo/img/svg/icons_3/2_phone_donate.svg]
[demo.artureanec.com/html/helpo/img/svg/icons_3/2_piggy_bank.svg]
[demo.artureanec.com/html/helpo/img/lion.jpg]
[demo.artureanec.com/html/helpo/img/action-block_2.jpg]
[demo.artureanec.com/html/helpo/img/projects-slider_1.jpg]
[demo.artureanec.com/html/helpo/img/projects-slider_2.jpg]
[demo.artureanec.com/html/helpo/img/projects-slider_3.jpg]
[demo.artureanec.com/html/helpo/img/action-block_1.jpg]
[demo.artureanec.com/html/helpo/front_3.html]
[demo.artureanec.com/html/helpo/mono/img/favicon.ico]
[demo.artureanec.com/html/helpo/mono/css/styles.min.css]
[demo.artureanec.com/html/helpo/mono/about.html]
[demo.artureanec.com/html/helpo/mono/donors.html]
[demo.artureanec.com/html/helpo/mono/volunteer.html]
[demo.artureanec.com/html/helpo/mono/events.html]
[demo.artureanec.com/html/helpo/mono/event-details.html]
[demo.artureanec.com/html/helpo/mono/stories.html]
[demo.artureanec.com/html/helpo/mono/storie-details.html]
[demo.artureanec.com/html/helpo/mono/blog.html]
[demo.artureanec.com/html/helpo/mono/blog-post.html]
[demo.artureanec.com/html/helpo/mono/gallery.html]
[demo.artureanec.com/html/helpo/mono/pricing.html]
[demo.artureanec.com/html/helpo/mono/faq.html]
[demo.artureanec.com/html/helpo/mono/404.html]
[demo.artureanec.com/html/helpo/mono/causes.html]
[demo.artureanec.com/html/helpo/mono/causes_2.html]
[demo.artureanec.com/html/helpo/mono/causes_3.html]
[demo.artureanec.com/html/helpo/mono/cause-details.html]
[demo.artureanec.com/html/helpo/mono/shop.html]
[demo.artureanec.com/html/helpo/mono/shop-product.html]
[demo.artureanec.com/html/helpo/mono/shop-cart.html]
[demo.artureanec.com/html/helpo/mono/shop-checkout.html]
[demo.artureanec.com/html/helpo/mono/shop-account.html]
[demo.artureanec.com/html/helpo/mono/contacts.html]
[demo.artureanec.com/html/helpo/mono/alerts.html]
[demo.artureanec.com/html/helpo/mono/team.html]
[demo.artureanec.com/html/helpo/mono/testimonials.html]
[demo.artureanec.com/html/helpo/mono/accordion.html]
[demo.artureanec.com/html/helpo/mono/tabs.html]
[demo.artureanec.com/html/helpo/mono/pricing-plan.html]
[demo.artureanec.com/html/helpo/mono/counters.html]
[demo.artureanec.com/html/helpo/mono/icons.html]
[demo.artureanec.com/html/helpo/mono/img/promo_1.jpg]
[demo.artureanec.com/html/helpo/mono/img/promo_3.jpg]
[demo.artureanec.com/html/helpo/mono/img/video_block.jpg]
[demo.artureanec.com/html/helpo/mono/img/causes_1.jpg]
[demo.artureanec.com/html/helpo/mono/img/causes_2.jpg]
[demo.artureanec.com/html/helpo/mono/img/causes_3.jpg]
[demo.artureanec.com/html/helpo/mono/img/projects_4.jpg]
[demo.artureanec.com/html/helpo/mono/img/projects_5.jpg]
[demo.artureanec.com/html/helpo/mono/img/projects_3.jpg]
[demo.artureanec.com/html/helpo/mono/img/projects_6.jpg]
[demo.artureanec.com/html/helpo/mono/img/projects_1.jpg]
[demo.artureanec.com/html/helpo/mono/img/projects_2.jpg]
[demo.artureanec.com/html/helpo/mono/img/event_1.jpg]
[demo.artureanec.com/html/helpo/mono/img/event_2.jpg]
[demo.artureanec.com/html/helpo/mono/img/event_3.jpg]
[demo.artureanec.com/html/helpo/mono/img/pricing_bg.jpg]
[demo.artureanec.com/html/helpo/mono/img/blog_1.jpg]
[demo.artureanec.com/html/helpo/mono/img/blog_2.png]
[demo.artureanec.com/html/helpo/mono/img/blog_8.jpg]
[demo.artureanec.com/html/helpo/mono/img/blog_4.png]
[demo.artureanec.com/html/helpo/mono/img/donor_1.png]
[demo.artureanec.com/html/helpo/mono/img/donor_2.png]
[demo.artureanec.com/html/helpo/mono/img/donor_3.png]
[demo.artureanec.com/html/helpo/mono/img/donor_4.png]
[demo.artureanec.com/html/helpo/mono/img/logo_white.png]
[demo.artureanec.com/html/helpo/mono/index.html]
[demo.artureanec.com/html/helpo/mono/js/common.min.js]
[demo.artureanec.com/html/helpo/mono/img/promo_2-2.jpg]
[demo.artureanec.com/html/helpo/mono/img/about_3.jpg]
[demo.artureanec.com/html/helpo/mono/img/event_5.jpg]
[demo.artureanec.com/html/helpo/mono/img/event_6.jpg]
[demo.artureanec.com/html/helpo/mono/img/storie_1.jpg]
[demo.artureanec.com/html/helpo/mono/img/storie_2.jpg]
[demo.artureanec.com/html/helpo/mono/img/storie_3.jpg]
[demo.artureanec.com/html/helpo/mono/img/pricing_bg-2.jpg]
[demo.artureanec.com/html/helpo/mono/img/blog_5.jpg]
[demo.artureanec.com/html/helpo/mono/img/blog_6.jpg]
[demo.artureanec.com/html/helpo/mono/img/blog_7.jpg]
[demo.artureanec.com/html/helpo/mono/img/ig_1.jpg]
[demo.artureanec.com/html/helpo/mono/img/ig_2.jpg]
[demo.artureanec.com/html/helpo/mono/img/ig_3.jpg]
[demo.artureanec.com/html/helpo/mono/img/ig_4.jpg]
[demo.artureanec.com/html/helpo/mono/img/ig_5.jpg]
[demo.artureanec.com/html/helpo/mono/img/ig_6.jpg]
[demo.artureanec.com/html/helpo/mono/front_2.html]
[demo.artureanec.com/html/helpo/mono/img/front-3_promo.jpg]
[demo.artureanec.com/html/helpo/mono/img/front-3_promo-2.jpg]
[demo.artureanec.com/html/helpo/mono/img/front-3_promo-3.jpg]
[demo.artureanec.com/html/helpo/mono/img/video_block-3.jpg]
[demo.artureanec.com/html/helpo/mono/img/about-us-2.jpg]
[demo.artureanec.com/html/helpo/mono/img/lion.jpg]
[demo.artureanec.com/html/helpo/mono/img/action-block_2.jpg]
[demo.artureanec.com/html/helpo/mono/img/projects-slider_1.jpg]
[demo.artureanec.com/html/helpo/mono/img/projects-slider_2.jpg]
[demo.artureanec.com/html/helpo/mono/img/projects-slider_3.jpg]
[demo.artureanec.com/html/helpo/mono/img/action-block_1.jpg]
[demo.artureanec.com/html/helpo/mono/img/front-3_blog-1.jpg]
[demo.artureanec.com/html/helpo/mono/img/front-3_blog-2.jpg]
[demo.artureanec.com/html/helpo/mono/img/f3_ig-1.jpg]
[demo.artureanec.com/html/helpo/mono/img/f3_ig-2.jpg]
[demo.artureanec.com/html/helpo/mono/img/f3_ig-3.jpg]
[demo.artureanec.com/html/helpo/mono/img/f3_ig-4.jpg]
[demo.artureanec.com/html/helpo/mono/img/f3_ig-5.jpg]
[demo.artureanec.com/html/helpo/mono/img/f3_ig-6.jpg]
[demo.artureanec.com/html/helpo/mono/front_3.html]
[demo.artureanec.com/html/helpo/img/about.jpg]
[demo.artureanec.com/html/helpo/img/about_layout-reverse.png]
[demo.artureanec.com/html/helpo/img/about_2.png]
[demo.artureanec.com/html/helpo/img/video_frame.png]
[demo.artureanec.com/html/helpo/img/video_frame-layout.png]
[demo.artureanec.com/html/helpo/img/icon_1.png]
[demo.artureanec.com/html/helpo/img/icon_2.png]
[demo.artureanec.com/html/helpo/img/icon_3.png]
[demo.artureanec.com/html/helpo/img/icon_4.png]
[demo.artureanec.com/html/helpo/img/team_1.png]
[demo.artureanec.com/html/helpo/img/team_2.png]
[demo.artureanec.com/html/helpo/img/team_2.jpg]
[demo.artureanec.com/html/helpo/img/team_3.png]
[demo.artureanec.com/html/helpo/img/team_3.jpg]
[demo.artureanec.com/html/helpo/img/team_4.png]
[demo.artureanec.com/html/helpo/img/team_4.jpg]
[demo.artureanec.com/html/helpo/img/team_5.png]
[demo.artureanec.com/html/helpo/img/team_5.jpg]
[demo.artureanec.com/html/helpo/img/team_6.png]
[demo.artureanec.com/html/helpo/img/team_6.jpg]
[demo.artureanec.com/html/helpo/img/team_7.png]
[demo.artureanec.com/html/helpo/img/team_7.jpg]
[demo.artureanec.com/html/helpo/img/team_8.png]
[demo.artureanec.com/html/helpo/img/team_8.jpg]
[demo.artureanec.com/html/helpo/about.html]
[demo.artureanec.com/html/helpo/img/typography.jpg]
[demo.artureanec.com/html/helpo/typography.html]
[demo.artureanec.com/html/helpo/img/donors.jpg]
[demo.artureanec.com/html/helpo/img/donors_inner.png]
[demo.artureanec.com/html/helpo/img/donor_5.png]
[demo.artureanec.com/html/helpo/img/donor_6.png]
[demo.artureanec.com/html/helpo/img/donor_7.png]
[demo.artureanec.com/html/helpo/img/donor_8.png]
[demo.artureanec.com/html/helpo/img/info_img-layout.png]
[demo.artureanec.com/html/helpo/img/info_img.png]
[demo.artureanec.com/html/helpo/img/info-banner_layout.png]
[demo.artureanec.com/html/helpo/img/info-banner_img.png]
[demo.artureanec.com/html/helpo/img/text-section_right.png]
[demo.artureanec.com/html/helpo/donors.html]
[demo.artureanec.com/html/helpo/img/volunteer.jpg]
[demo.artureanec.com/html/helpo/img/img_box-1.jpg]
[demo.artureanec.com/html/helpo/volunteer.html]
[demo.artureanec.com/html/helpo/img/events.jpg]
[demo.artureanec.com/html/helpo/img/events_inner-bg.png]
[demo.artureanec.com/html/helpo/img/event_4.jpg]
[demo.artureanec.com/html/helpo/img/event_5.jpg]
[demo.artureanec.com/html/helpo/img/event_6.jpg]
[demo.artureanec.com/html/helpo/img/event_7.jpg]
[demo.artureanec.com/html/helpo/img/event_8.jpg]
[demo.artureanec.com/html/helpo/img/event_9.jpg]
[demo.artureanec.com/html/helpo/events.html]
[demo.artureanec.com/html/helpo/img/event-details.jpg]
[demo.artureanec.com/html/helpo/img/article.jpg]
[demo.artureanec.com/html/helpo/img/additional_1.jpg]
[demo.artureanec.com/html/helpo/img/additional_2.jpg]
[demo.artureanec.com/html/helpo/event-details.html]
[demo.artureanec.com/html/helpo/img/stories.jpg]
[demo.artureanec.com/html/helpo/img/storie_1-layout.png]
[demo.artureanec.com/html/helpo/img/storie_1.jpg]
[demo.artureanec.com/html/helpo/img/storie_2-layout.png]
[demo.artureanec.com/html/helpo/img/storie_2.jpg]
[demo.artureanec.com/html/helpo/img/storie_3-layout.png]
[demo.artureanec.com/html/helpo/img/storie_3.jpg]
[demo.artureanec.com/html/helpo/img/storie_4-layout.png]
[demo.artureanec.com/html/helpo/img/storie_4.jpg]
[demo.artureanec.com/html/helpo/stories.html]
[demo.artureanec.com/html/helpo/img/storie_details.jpg]
[demo.artureanec.com/html/helpo/img/storie_details-bg.png]
[demo.artureanec.com/html/helpo/img/storie_details-img.jpg]
[demo.artureanec.com/html/helpo/story-details.html]
[demo.artureanec.com/html/helpo/img/blog.jpg]
[demo.artureanec.com/html/helpo/img/blog_5.jpg]
[demo.artureanec.com/html/helpo/img/blog_6.jpg]
[demo.artureanec.com/html/helpo/blog.html]
[demo.artureanec.com/html/helpo/img/blog-post.jpg]
[demo.artureanec.com/html/helpo/img/comment_1.jpg]
[demo.artureanec.com/html/helpo/img/comment_2.jpg]
[demo.artureanec.com/html/helpo/img/comment_3.jpg]
[demo.artureanec.com/html/helpo/img/recent_1.jpg]
[demo.artureanec.com/html/helpo/img/recent_2.jpg]
[demo.artureanec.com/html/helpo/img/recent_3.jpg]
[demo.artureanec.com/html/helpo/blog-post.html]
[demo.artureanec.com/html/helpo/img/gallery_1.jpg]
[demo.artureanec.com/html/helpo/img/gallery_2.jpg]
[demo.artureanec.com/html/helpo/img/gallery_3.jpg]
[demo.artureanec.com/html/helpo/img/gallery_4.jpg]
[demo.artureanec.com/html/helpo/img/gallery_5.jpg]
[demo.artureanec.com/html/helpo/img/gallery_6.jpg]
[demo.artureanec.com/html/helpo/img/gallery_7.jpg]
[demo.artureanec.com/html/helpo/img/gallery_8.jpg]
[demo.artureanec.com/html/helpo/gallery.html]
[demo.artureanec.com/html/helpo/img/causes.jpg]
[demo.artureanec.com/html/helpo/pricing.html]
[demo.artureanec.com/html/helpo/faq.html]
[demo.artureanec.com/html/helpo/img/404.jpg]
[demo.artureanec.com/html/helpo/404.html]
[demo.artureanec.com/html/helpo/img/causes_5.jpg]
[demo.artureanec.com/html/helpo/img/causes_6.jpg]
[demo.artureanec.com/html/helpo/causes.html]
[demo.artureanec.com/html/helpo/causes_2.html]
[demo.artureanec.com/html/helpo/causes_3.html]
[demo.artureanec.com/html/helpo/shop.html]
[demo.artureanec.com/html/helpo/cause-details.html]
[demo.artureanec.com/html/helpo/img/shop.jpg]
[demo.artureanec.com/html/helpo/img/single_1.png]
[demo.artureanec.com/html/helpo/img/single_2.png]
[demo.artureanec.com/html/helpo/shop-product.html]
[demo.artureanec.com/html/helpo/shop-cart.html]
[demo.artureanec.com/html/helpo/shop-checkout.html]
[demo.artureanec.com/html/helpo/shop-account.html]
[demo.artureanec.com/html/helpo/contacts.html]
[demo.artureanec.com/html/helpo/alerts.html]
[demo.artureanec.com/html/helpo/team.html]
[demo.artureanec.com/html/helpo/testimonials.html]
[demo.artureanec.com/html/helpo/accordion.html]
[demo.artureanec.com/html/helpo/tabs.html]
[demo.artureanec.com/html/helpo/pricing-plan.html]
[demo.artureanec.com/html/helpo/counters.html]
[demo.artureanec.com/html/helpo/icons.html]
[demo.artureanec.com/html/helpo/team-member.html]
[demo.artureanec.com/html/helpo/fonts/font-awesome/fontawesome-webfont3e6e.svg]
[demo.artureanec.com/html/helpo/img/svg/icons_2/1_blood.svg]
[demo.artureanec.com/html/helpo/img/svg/icons_2/1_house.svg]
[demo.artureanec.com/html/helpo/img/svg/icons_2/1_charity.svg]
[demo.artureanec.com/html/helpo/img/svg/icons_2/1_nature.svg]
[demo.artureanec.com/html/helpo/img/svg/icons_3/2_animal_shelter.svg]
[demo.artureanec.com/html/helpo/img/svg/icons_3/2_beggar.svg]
[demo.artureanec.com/html/helpo/img/svg/icons_3/2_charity.svg]
[demo.artureanec.com/html/helpo/img/svg/icons_3/2_child.svg]
[demo.artureanec.com/html/helpo/img/svg/icons_3/2_love.svg]
[demo.artureanec.com/html/helpo/img/svg/icons_3/2_phone_donate.svg]
[demo.artureanec.com/html/helpo/img/svg/icons_3/2_piggy_bank.svg]
[demo.artureanec.com/html/helpo/mono/fonts/font-awesome/fontawesome-webfont.ttf]
[demo.artureanec.com/html/helpo/mono/css/styles.min.css]
[demo.artureanec.com/html/helpo/mono/img/about.jpg]
[demo.artureanec.com/html/helpo/mono/img/about_2.png]
[demo.artureanec.com/html/helpo/mono/img/video_frame.png]
[demo.artureanec.com/html/helpo/mono/img/team_1.jpg]
[demo.artureanec.com/html/helpo/mono/img/team_2.jpg]
[demo.artureanec.com/html/helpo/mono/img/team_3.jpg]
[demo.artureanec.com/html/helpo/mono/img/team_4.jpg]
[demo.artureanec.com/html/helpo/mono/img/team_5.jpg]
[demo.artureanec.com/html/helpo/mono/img/team_6.jpg]
[demo.artureanec.com/html/helpo/mono/img/team_7.jpg]
[demo.artureanec.com/html/helpo/mono/img/team_8.jpg]
[demo.artureanec.com/html/helpo/mono/about.html]
[demo.artureanec.com/html/helpo/mono/typography.html]
[demo.artureanec.com/html/helpo/mono/img/donors.jpg]
[demo.artureanec.com/html/helpo/mono/img/donor_5.png]
[demo.artureanec.com/html/helpo/mono/img/donor_6.png]
[demo.artureanec.com/html/helpo/mono/img/donor_7.png]
[demo.artureanec.com/html/helpo/mono/img/donor_8.png]
[demo.artureanec.com/html/helpo/mono/img/info_img.png]
[demo.artureanec.com/html/helpo/mono/img/info-banner_img.png]
[demo.artureanec.com/html/helpo/mono/donors.html]
[demo.artureanec.com/html/helpo/mono/img/volunteer.jpg]
[demo.artureanec.com/html/helpo/mono/img/img_box-1.jpg]
[demo.artureanec.com/html/helpo/mono/volunteer.html]
[demo.artureanec.com/html/helpo/mono/img/events.jpg]
[demo.artureanec.com/html/helpo/mono/img/event_4.jpg]
[demo.artureanec.com/html/helpo/mono/img/event_7.jpg]
[demo.artureanec.com/html/helpo/mono/img/event_8.jpg]
[demo.artureanec.com/html/helpo/mono/img/event_9.jpg]
[demo.artureanec.com/html/helpo/mono/events.html]
[demo.artureanec.com/html/helpo/mono/img/gallery.jpg]
[demo.artureanec.com/html/helpo/mono/img/article.jpg]
[demo.artureanec.com/html/helpo/mono/img/additional_1.jpg]
[demo.artureanec.com/html/helpo/mono/img/additional_2.jpg]
[demo.artureanec.com/html/helpo/mono/event-details.html]
[demo.artureanec.com/html/helpo/mono/img/stories.jpg]
[demo.artureanec.com/html/helpo/mono/img/storie_4.jpg]
[demo.artureanec.com/html/helpo/mono/stories.html]
[demo.artureanec.com/html/helpo/mono/img/storie_details.jpg]
[demo.artureanec.com/html/helpo/mono/img/storie_details-img.jpg]
[demo.artureanec.com/html/helpo/mono/storie-details.html]
[demo.artureanec.com/html/helpo/mono/img/faq.jpg]
[demo.artureanec.com/html/helpo/mono/blog.html]
[demo.artureanec.com/html/helpo/mono/img/blog-post.jpg]
[demo.artureanec.com/html/helpo/mono/img/recent_1.jpg]
[demo.artureanec.com/html/helpo/mono/img/recent_2.jpg]
[demo.artureanec.com/html/helpo/mono/img/recent_3.jpg]
[demo.artureanec.com/html/helpo/mono/blog-post.html]
[demo.artureanec.com/html/helpo/mono/img/gallery_1.jpg]
[demo.artureanec.com/html/helpo/mono/img/gallery_2.jpg]
[demo.artureanec.com/html/helpo/mono/img/gallery_3.jpg]
[demo.artureanec.com/html/helpo/mono/img/gallery_4.jpg]
[demo.artureanec.com/html/helpo/mono/img/gallery_6.jpg]
[demo.artureanec.com/html/helpo/mono/img/gallery_7.jpg]
[demo.artureanec.com/html/helpo/mono/img/gallery_8.jpg]
[demo.artureanec.com/html/helpo/mono/gallery.html]
[demo.artureanec.com/html/helpo/mono/img/pricing.jpg]
[demo.artureanec.com/html/helpo/mono/pricing.html]
[demo.artureanec.com/html/helpo/mono/img/faq_aside.jpg]
[demo.artureanec.com/html/helpo/mono/faq.html]
[demo.artureanec.com/html/helpo/mono/img/404.jpg]
[demo.artureanec.com/html/helpo/mono/404.html]
[demo.artureanec.com/html/helpo/mono/img/causes.jpg]
[demo.artureanec.com/html/helpo/mono/img/causes_4.jpg]
[demo.artureanec.com/html/helpo/mono/img/causes_5.jpg]
[demo.artureanec.com/html/helpo/mono/img/causes_6.jpg]
[demo.artureanec.com/html/helpo/mono/causes.html]
[demo.artureanec.com/html/helpo/mono/causes_2.html]
[demo.artureanec.com/html/helpo/mono/causes_3.html]
[demo.artureanec.com/html/helpo/mono/img/cause_details.jpg]
[demo.artureanec.com/html/helpo/mono/img/donation-item_img.jpg]
[demo.artureanec.com/html/helpo/mono/img/paypal.png]
[demo.artureanec.com/html/helpo/mono/img/klarna.png]
[demo.artureanec.com/html/helpo/mono/img/visa.png]
[demo.artureanec.com/html/helpo/mono/img/face_1.jpg]
[demo.artureanec.com/html/helpo/mono/img/face_2.jpg]
[demo.artureanec.com/html/helpo/mono/img/face_3.jpg]
[demo.artureanec.com/html/helpo/mono/img/face_4.jpg]
[demo.artureanec.com/html/helpo/mono/img/face_5.jpg]
[demo.artureanec.com/html/helpo/mono/img/face_6.jpg]
[demo.artureanec.com/html/helpo/mono/img/video_frame-2.jpg]
[demo.artureanec.com/html/helpo/mono/img/ig_7.jpg]
[demo.artureanec.com/html/helpo/mono/img/ig_8.jpg]
[demo.artureanec.com/html/helpo/mono/cause-details.html]
[demo.artureanec.com/html/helpo/mono/img/shop.jpg]
[demo.artureanec.com/html/helpo/mono/img/shop_7.jpg]
[demo.artureanec.com/html/helpo/mono/img/shop_8.jpg]
[demo.artureanec.com/html/helpo/mono/img/shop_9.jpg]
[demo.artureanec.com/html/helpo/mono/img/shop_1.png]
[demo.artureanec.com/html/helpo/mono/img/shop_2.png]
[demo.artureanec.com/html/helpo/mono/img/shop_3.png]
[demo.artureanec.com/html/helpo/mono/img/shop_4.png]
[demo.artureanec.com/html/helpo/mono/img/shop_5.png]
[demo.artureanec.com/html/helpo/mono/img/shop_6.png]
[demo.artureanec.com/html/helpo/mono/shop.html]
[demo.artureanec.com/html/helpo/mono/img/single_1.png]
[demo.artureanec.com/html/helpo/mono/img/single_2.png]
[demo.artureanec.com/html/helpo/mono/img/single_3.png]
[demo.artureanec.com/html/helpo/mono/img/single_s1.png]
[demo.artureanec.com/html/helpo/mono/img/single_s2.png]
[demo.artureanec.com/html/helpo/mono/img/single_s3.png]
[demo.artureanec.com/html/helpo/mono/shop-product.html]
[demo.artureanec.com/html/helpo/mono/shop-cart.html]
[demo.artureanec.com/html/helpo/mono/shop-checkout.html]
[demo.artureanec.com/html/helpo/mono/shop-account.html]
[demo.artureanec.com/html/helpo/mono/img/contacts.jpg]
[demo.artureanec.com/html/helpo/mono/img/marker.png]
[demo.artureanec.com/html/helpo/mono/contacts.html]
[demo.artureanec.com/html/helpo/mono/img/typography.jpg]
[demo.artureanec.com/html/helpo/mono/alerts.html]
[demo.artureanec.com/html/helpo/mono/team.html]
[demo.artureanec.com/html/helpo/mono/testimonials.html]
[demo.artureanec.com/html/helpo/mono/accordion.html]
[demo.artureanec.com/html/helpo/mono/tabs.html]
[demo.artureanec.com/html/helpo/mono/pricing-plan.html]
[demo.artureanec.com/html/helpo/mono/img/counter.jpg]
[demo.artureanec.com/html/helpo/mono/counters.html]
[demo.artureanec.com/html/helpo/mono/img/icon_1-1.png]
[demo.artureanec.com/html/helpo/mono/img/icon_2-2.png]
[demo.artureanec.com/html/helpo/mono/img/icon_3-3.png]
[demo.artureanec.com/html/helpo/mono/img/icon_4-4.png]
[demo.artureanec.com/html/helpo/mono/img/icon_5-5.png]
[demo.artureanec.com/html/helpo/mono/img/icon_6-6.png]
[demo.artureanec.com/html/helpo/mono/img/icon_7-7.png]
[demo.artureanec.com/html/helpo/mono/img/icon_8-8.png]
[demo.artureanec.com/html/helpo/mono/img/svg/icons_1/001-donate-2.svg]
[demo.artureanec.com/html/helpo/mono/img/svg/icons_1/002-donate-1.svg]
[demo.artureanec.com/html/helpo/mono/img/svg/icons_1/003-money-bag.svg]
[demo.artureanec.com/html/helpo/mono/img/svg/icons_1/004-donation-9.svg]
[demo.artureanec.com/html/helpo/mono/img/svg/icons_1/005-charity-4.svg]
[demo.artureanec.com/html/helpo/mono/img/svg/icons_1/006-woman.svg]
[demo.artureanec.com/html/helpo/mono/img/svg/icons_1/007-church.svg]
[demo.artureanec.com/html/helpo/mono/img/svg/icons_1/009-loudspeaker.svg]
[demo.artureanec.com/html/helpo/mono/img/svg/icons_1/010-people.svg]
[demo.artureanec.com/html/helpo/mono/img/svg/icons_1/011-heart-box.svg]
[demo.artureanec.com/html/helpo/mono/img/svg/icons_1/012-balance.svg]
[demo.artureanec.com/html/helpo/mono/img/svg/icons_1/013-heart.svg]
[demo.artureanec.com/html/helpo/mono/img/svg/icons_1/014-donate.svg]
[demo.artureanec.com/html/helpo/mono/img/svg/icons_1/015-donation-8.svg]
[demo.artureanec.com/html/helpo/mono/img/svg/icons_1/016-blood.svg]
[demo.artureanec.com/html/helpo/mono/img/svg/icons_1/017-man.svg]
[demo.artureanec.com/html/helpo/mono/img/svg/icons_1/018-donation-7.svg]
[demo.artureanec.com/html/helpo/mono/img/svg/icons_1/019-donation-6.svg]
[demo.artureanec.com/html/helpo/mono/img/svg/icons_1/020-location.svg]
[demo.artureanec.com/html/helpo/mono/img/svg/icons_1/021-gift.svg]
[demo.artureanec.com/html/helpo/mono/img/svg/icons_1/022-donation-5.svg]
[demo.artureanec.com/html/helpo/mono/img/svg/icons_1/023-ecology.svg]
[demo.artureanec.com/html/helpo/mono/img/svg/icons_1/024-wheelchair.svg]
[demo.artureanec.com/html/helpo/mono/img/svg/icons_1/025-first-aid-kit.svg]
[demo.artureanec.com/html/helpo/mono/img/svg/icons_1/026-transfusion.svg]
[demo.artureanec.com/html/helpo/mono/img/svg/icons_1/027-solidarity-1.svg]
[demo.artureanec.com/html/helpo/mono/img/svg/icons_1/028-ribbon-2.svg]
[demo.artureanec.com/html/helpo/mono/img/svg/icons_1/029-balloon.svg]
[demo.artureanec.com/html/helpo/mono/img/svg/icons_1/030-donation-4.svg]
[demo.artureanec.com/html/helpo/mono/img/svg/icons_1/031-package.svg]
[demo.artureanec.com/html/helpo/mono/img/svg/icons_1/032-bread.svg]
[demo.artureanec.com/html/helpo/mono/img/svg/icons_1/033-donation-3.svg]
[demo.artureanec.com/html/helpo/mono/img/svg/icons_1/034-charity-3.svg]
[demo.artureanec.com/html/helpo/mono/img/svg/icons_1/035-donation-2.svg]
[demo.artureanec.com/html/helpo/mono/img/svg/icons_1/037-money.svg]
[demo.artureanec.com/html/helpo/mono/img/svg/icons_1/038-shirt.svg]
[demo.artureanec.com/html/helpo/mono/img/svg/icons_1/039-charity-2.svg]
[demo.artureanec.com/html/helpo/mono/img/svg/icons_1/040-ribbon-1.svg]
[demo.artureanec.com/html/helpo/mono/img/svg/icons_1/041-house-1.svg]
[demo.artureanec.com/html/helpo/mono/img/svg/icons_1/043-donation-1.svg]
[demo.artureanec.com/html/helpo/mono/img/svg/icons_1/044-donation.svg]
[demo.artureanec.com/html/helpo/mono/img/svg/icons_1/047-world-grid.svg]
[demo.artureanec.com/html/helpo/mono/img/svg/icons_1/048-ribbon.svg]
[demo.artureanec.com/html/helpo/mono/img/svg/icons_1/049-smartphone.svg]
[demo.artureanec.com/html/helpo/mono/img/svg/icons_1/050-charity.svg]
[demo.artureanec.com/html/helpo/mono/img/svg/icons_2/1_basket.svg]
[demo.artureanec.com/html/helpo/mono/img/svg/icons_2/1_blood.svg]
[demo.artureanec.com/html/helpo/mono/img/svg/icons_2/1_charity.svg]
[demo.artureanec.com/html/helpo/mono/img/svg/icons_2/1_donate.svg]
[demo.artureanec.com/html/helpo/mono/img/svg/icons_2/1_hand.svg]
[demo.artureanec.com/html/helpo/mono/img/svg/icons_2/1_hand_love.svg]
[demo.artureanec.com/html/helpo/mono/img/svg/icons_2/1_earth.svg]
[demo.artureanec.com/html/helpo/mono/img/svg/icons_2/1_house.svg]
[demo.artureanec.com/html/helpo/mono/img/svg/icons_2/1_kids.svg]
[demo.artureanec.com/html/helpo/mono/img/svg/icons_2/1_love.svg]
[demo.artureanec.com/html/helpo/mono/img/svg/icons_2/1_money.svg]
[demo.artureanec.com/html/helpo/mono/img/svg/icons_2/1_money_hand.svg]
[demo.artureanec.com/html/helpo/mono/img/svg/icons_2/1_nature.svg]
[demo.artureanec.com/html/helpo/mono/img/svg/icons_2/1_people.svg]
[demo.artureanec.com/html/helpo/mono/img/svg/icons_2/1_tape.svg]
[demo.artureanec.com/html/helpo/mono/img/svg/icons_2/1_t-shirt.svg]
[demo.artureanec.com/html/helpo/mono/img/svg/icons_3/2_animal_shelter.svg]
[demo.artureanec.com/html/helpo/mono/img/svg/icons_3/2_beggar.svg]
[demo.artureanec.com/html/helpo/mono/img/svg/icons_3/2_charity.svg]
[demo.artureanec.com/html/helpo/mono/img/svg/icons_3/2_child.svg]
[demo.artureanec.com/html/helpo/mono/img/svg/icons_3/2_cooking.svg]
[demo.artureanec.com/html/helpo/mono/img/svg/icons_3/2_delivery.svg]
[demo.artureanec.com/html/helpo/mono/img/svg/icons_3/2_disabled.svg]
[demo.artureanec.com/html/helpo/mono/img/svg/icons_3/2_donate.svg]
[demo.artureanec.com/html/helpo/mono/img/svg/icons_3/2_homeless.svg]
[demo.artureanec.com/html/helpo/mono/img/svg/icons_3/2_love.svg]
[demo.artureanec.com/html/helpo/mono/img/svg/icons_3/2_money.svg]
[demo.artureanec.com/html/helpo/mono/img/svg/icons_3/2_money_hand.svg]
[demo.artureanec.com/html/helpo/mono/img/svg/icons_3/2_pc_donate.svg]
[demo.artureanec.com/html/helpo/mono/img/svg/icons_3/2_phone_donate.svg]
[demo.artureanec.com/html/helpo/mono/img/svg/icons_3/2_piggy_bank.svg]
[demo.artureanec.com/html/helpo/mono/img/svg/icons_3/2_receipt.svg]
[demo.artureanec.com/html/helpo/mono/img/svg/icons_4/3_donat_money.svg]
[demo.artureanec.com/html/helpo/mono/img/svg/icons_4/3_earth.svg]
[demo.artureanec.com/html/helpo/mono/img/svg/icons_4/3_food.svg]
[demo.artureanec.com/html/helpo/mono/img/svg/icons_4/3_hand.svg]
[demo.artureanec.com/html/helpo/mono/img/svg/icons_4/3_piggy_bank.svg]
[demo.artureanec.com/html/helpo/mono/img/svg/icons_4/3_pram.svg]
[demo.artureanec.com/html/helpo/mono/icons.html]
[demo.artureanec.com/html/helpo/mono/img/promo_2.jpg]
[demo.artureanec.com/html/helpo/mono/img/video_block-2.jpg]
[demo.artureanec.com/html/helpo/img/info_img-layout.png]
[demo.artureanec.com/html/helpo/mono/js/libs.min.js]
[demo.artureanec.com/html/helpo/img/info_img.png]
[demo.artureanec.com/html/helpo/img/info-banner_layout.png]
[demo.artureanec.com/html/helpo/img/info-banner_img.png]
[demo.artureanec.com/html/helpo/img/text-section_left.png]
[demo.artureanec.com/html/helpo/mono/img/logo_mono.png]
[demo.artureanec.com/html/helpo/img/team_1.jpg]
[demo.artureanec.com/html/helpo/img/cause_details.jpg]
[demo.artureanec.com/html/helpo/img/donation_img.png]
[demo.artureanec.com/html/helpo/img/donation-item_img.jpg]
[demo.artureanec.com/html/helpo/img/face_1.jpg]
[demo.artureanec.com/html/helpo/img/face_2.jpg]
[demo.artureanec.com/html/helpo/img/face_3.jpg]
[demo.artureanec.com/html/helpo/img/face_4.jpg]
[demo.artureanec.com/html/helpo/img/face_5.jpg]
[demo.artureanec.com/html/helpo/img/face_6.jpg]
[demo.artureanec.com/html/helpo/img/video_frame-2.jpg]
[demo.artureanec.com/html/helpo/img/ig_7.jpg]
[demo.artureanec.com/html/helpo/img/ig_8.jpg]
[demo.artureanec.com/html/helpo/img/causes_img-2.png]
[demo.artureanec.com/html/helpo/cause-details.html]
[demo.artureanec.com/html/helpo/img/shop_5.png]
[demo.artureanec.com/html/helpo/img/shop_6.png]
[demo.artureanec.com/html/helpo/shop.html]
[demo.artureanec.com/html/helpo/img/single_2.png]
[demo.artureanec.com/html/helpo/img/single_1.png]
[demo.artureanec.com/html/helpo/img/single_3.png]
[demo.artureanec.com/html/helpo/img/single_s1.png]
[demo.artureanec.com/html/helpo/img/single_s2.png]
[demo.artureanec.com/html/helpo/img/single_s3.png]
[demo.artureanec.com/html/helpo/img/shop_1.png]
[demo.artureanec.com/html/helpo/img/shop_2.png]
[demo.artureanec.com/html/helpo/img/shop_3.png]
[demo.artureanec.com/html/helpo/img/shop_4.png]
[demo.artureanec.com/html/helpo/img/shop_7.jpg]
[demo.artureanec.com/html/helpo/img/shop_8.jpg]
[demo.artureanec.com/html/helpo/img/shop_9.jpg]
[demo.artureanec.com/html/helpo/img/paypal.png]
[demo.artureanec.com/html/helpo/img/klarna.png]
[demo.artureanec.com/html/helpo/img/tabs.jpg]
[demo.artureanec.com/html/helpo/img/visa.png]
[demo.artureanec.com/html/helpo/img/contacts.jpg]
[demo.artureanec.com/html/helpo/img/icon_5-5.png]
[demo.artureanec.com/html/helpo/img/icon_6-6.png]
[demo.artureanec.com/html/helpo/img/icon_7-7.png]
[demo.artureanec.com/html/helpo/img/icon_8-8.png]
[demo.artureanec.com/html/helpo/img/svg/icons_1/001-donate-2.svg]
[demo.artureanec.com/html/helpo/img/svg/icons_1/002-donate-1.svg]
[demo.artureanec.com/html/helpo/img/svg/icons_1/003-money-bag.svg]
[demo.artureanec.com/html/helpo/img/svg/icons_1/004-donation-9.svg]
[demo.artureanec.com/html/helpo/img/svg/icons_1/005-charity-4.svg]
[demo.artureanec.com/html/helpo/img/svg/icons_1/006-woman.svg]
[demo.artureanec.com/html/helpo/img/svg/icons_1/007-church.svg]
[demo.artureanec.com/html/helpo/img/svg/icons_1/009-loudspeaker.svg]
[demo.artureanec.com/html/helpo/img/svg/icons_1/010-people.svg]
[demo.artureanec.com/html/helpo/img/svg/icons_1/011-heart-box.svg]
[demo.artureanec.com/html/helpo/img/svg/icons_1/012-balance.svg]
[demo.artureanec.com/html/helpo/img/svg/icons_1/013-heart.svg]
[demo.artureanec.com/html/helpo/img/svg/icons_1/014-donate.svg]
[demo.artureanec.com/html/helpo/img/svg/icons_1/015-donation-8.svg]
[demo.artureanec.com/html/helpo/img/svg/icons_1/016-blood.svg]
[demo.artureanec.com/html/helpo/img/svg/icons_1/017-man.svg]
[demo.artureanec.com/html/helpo/img/svg/icons_1/018-donation-7.svg]
[demo.artureanec.com/html/helpo/img/svg/icons_1/019-donation-6.svg]
[demo.artureanec.com/html/helpo/img/svg/icons_1/020-location.svg]
[demo.artureanec.com/html/helpo/img/svg/icons_1/021-gift.svg]
[demo.artureanec.com/html/helpo/img/svg/icons_1/022-donation-5.svg]
[demo.artureanec.com/html/helpo/img/svg/icons_1/023-ecology.svg]
[demo.artureanec.com/html/helpo/img/svg/icons_1/024-wheelchair.svg]
[demo.artureanec.com/html/helpo/img/svg/icons_1/025-first-aid-kit.svg]
[demo.artureanec.com/html/helpo/img/svg/icons_1/026-transfusion.svg]
[demo.artureanec.com/html/helpo/img/svg/icons_1/027-solidarity-1.svg]
[demo.artureanec.com/html/helpo/img/svg/icons_1/028-ribbon-2.svg]
[demo.artureanec.com/html/helpo/img/svg/icons_1/029-balloon.svg]
[demo.artureanec.com/html/helpo/img/svg/icons_1/030-donation-4.svg]
[demo.artureanec.com/html/helpo/img/svg/icons_1/031-package.svg]
[demo.artureanec.com/html/helpo/img/svg/icons_1/032-bread.svg]
[demo.artureanec.com/html/helpo/img/svg/icons_1/033-donation-3.svg]
[demo.artureanec.com/html/helpo/img/svg/icons_1/034-charity-3.svg]
[demo.artureanec.com/html/helpo/img/svg/icons_1/035-donation-2.svg]
[demo.artureanec.com/html/helpo/img/svg/icons_1/036-mail.svg]
[demo.artureanec.com/html/helpo/img/svg/icons_1/037-money.svg]
[demo.artureanec.com/html/helpo/img/svg/icons_1/038-shirt.svg]
[demo.artureanec.com/html/helpo/img/svg/icons_1/039-charity-2.svg]
[demo.artureanec.com/html/helpo/img/svg/icons_1/040-ribbon-1.svg]
[demo.artureanec.com/html/helpo/img/svg/icons_1/041-house-1.svg]
[demo.artureanec.com/html/helpo/img/svg/icons_1/042-house.svg]
[demo.artureanec.com/html/helpo/img/svg/icons_1/043-donation-1.svg]
[demo.artureanec.com/html/helpo/img/svg/icons_1/045-charity-1.svg]
[demo.artureanec.com/html/helpo/img/svg/icons_1/044-donation.svg]
[demo.artureanec.com/html/helpo/img/svg/icons_1/046-solidarity.svg]
[demo.artureanec.com/html/helpo/img/svg/icons_1/047-world-grid.svg]
[demo.artureanec.com/html/helpo/img/svg/icons_1/049-smartphone.svg]
[demo.artureanec.com/html/helpo/img/svg/icons_2/1_hand.svg]
[demo.artureanec.com/html/helpo/img/svg/icons_2/1_hand_love.svg]
[demo.artureanec.com/html/helpo/img/svg/icons_2/1_earth.svg]
[demo.artureanec.com/html/helpo/img/svg/icons_2/1_kids.svg]
[demo.artureanec.com/html/helpo/img/svg/icons_2/1_love.svg]
[demo.artureanec.com/html/helpo/img/svg/icons_2/1_money.svg]
[demo.artureanec.com/html/helpo/img/svg/icons_2/1_money_hand.svg]
[demo.artureanec.com/html/helpo/img/svg/icons_2/1_people.svg]
[demo.artureanec.com/html/helpo/img/svg/icons_2/1_tape.svg]
[demo.artureanec.com/html/helpo/img/svg/icons_2/1_t-shirt.svg]
[demo.artureanec.com/html/helpo/img/svg/icons_3/2_cooking.svg]
[demo.artureanec.com/html/helpo/img/svg/icons_3/2_delivery.svg]
[demo.artureanec.com/html/helpo/img/svg/icons_3/2_disabled.svg]
[demo.artureanec.com/html/helpo/img/svg/icons_3/2_donate.svg]
[demo.artureanec.com/html/helpo/img/svg/icons_3/2_homeless.svg]
[demo.artureanec.com/html/helpo/img/svg/icons_3/2_money.svg]
[demo.artureanec.com/html/helpo/img/svg/icons_3/2_receipt.svg]
[demo.artureanec.com/html/helpo/img/svg/icons_4/3_donat_money.svg]
[demo.artureanec.com/html/helpo/img/svg/icons_4/3_money.svg]
[demo.artureanec.com/html/helpo/img/svg/icons_4/3_piggy_bank.svg]
[demo.artureanec.com/html/helpo/img/svg/icons_4/3_pram.svg]
[demo.artureanec.com/html/helpo/img/text-section_2.png]
[demo.artureanec.com/html/helpo/img/action-block_1.jpg]
[demo.artureanec.com/html/helpo/img/bottom-bg.png]
[demo.artureanec.com/html/helpo/mono/fonts/font-awesome/fontawesome-webfont3e6e.eot]
[demo.artureanec.com/html/helpo/mono/fonts/font-awesome/fontawesome-webfontd41d.eot]
[demo.artureanec.com/html/helpo/mono/fonts/font-awesome/fontawesome-webfont3e6e.woff2]
[demo.artureanec.com/html/helpo/mono/fonts/font-awesome/fontawesome-webfont3e6e.woff]
[demo.artureanec.com/html/helpo/mono/fonts/font-awesome/fontawesome-webfont3e6e.ttf]
[demo.artureanec.com/html/helpo/mono/fonts/font-awesome/fontawesome-webfont3e6e.svg]
[demo.artureanec.com/html/helpo/mono/fonts/font-awesome/fontawesome-webfont.eot]
[demo.artureanec.com/html/helpo/mono/fonts/font-awesome/fontawesome-webfont.woff]
[demo.artureanec.com/html/helpo/mono/typography.html]
[demo.artureanec.com/html/helpo/mono/img/storie_details.jpg]
[demo.artureanec.com/html/helpo/mono/img/blog-post.jpg]
[demo.artureanec.com/html/helpo/img/logo_dark.png]
[demo.artureanec.com/html/helpo/img/svg/icons_3/2_money_hand.svg]
[demo.artureanec.com/html/helpo/mono/img/single_2.png]
[demo.artureanec.com/html/helpo/mono/img/gallery_5.jpg]
[demo.artureanec.com/html/helpo/mono/img/single_1.png]
[demo.artureanec.com/html/helpo/mono/img/comment_1.jpg]
[demo.artureanec.com/html/helpo/mono/img/svg/icons_1/001-donate-2.svg]
[demo.artureanec.com/html/helpo/mono/img/svg/icons_1/002-donate-1.svg]
[demo.artureanec.com/html/helpo/mono/img/svg/icons_1/003-money-bag.svg]
[demo.artureanec.com/html/helpo/mono/img/svg/icons_1/004-donation-9.svg]
[demo.artureanec.com/html/helpo/mono/img/svg/icons_1/005-charity-4.svg]
[demo.artureanec.com/html/helpo/mono/img/svg/icons_1/006-woman.svg]
[demo.artureanec.com/html/helpo/mono/img/svg/icons_1/007-church.svg]
[demo.artureanec.com/html/helpo/mono/img/svg/icons_1/008-bible.svg]
[demo.artureanec.com/html/helpo/mono/img/svg/icons_1/009-loudspeaker.svg]
[demo.artureanec.com/html/helpo/mono/img/svg/icons_1/010-people.svg]
[demo.artureanec.com/html/helpo/mono/img/svg/icons_1/011-heart-box.svg]
[demo.artureanec.com/html/helpo/mono/img/svg/icons_1/012-balance.svg]
[demo.artureanec.com/html/helpo/mono/img/svg/icons_1/013-heart.svg]
[demo.artureanec.com/html/helpo/mono/img/svg/icons_1/014-donate.svg]
[demo.artureanec.com/html/helpo/mono/img/svg/icons_1/015-donation-8.svg]
[demo.artureanec.com/html/helpo/mono/img/svg/icons_1/016-blood.svg]
[demo.artureanec.com/html/helpo/mono/img/svg/icons_1/017-man.svg]
[demo.artureanec.com/html/helpo/mono/img/svg/icons_1/018-donation-7.svg]
[demo.artureanec.com/html/helpo/mono/img/svg/icons_1/019-donation-6.svg]
[demo.artureanec.com/html/helpo/mono/img/svg/icons_1/020-location.svg]
[demo.artureanec.com/html/helpo/mono/img/svg/icons_1/021-gift.svg]
[demo.artureanec.com/html/helpo/mono/img/svg/icons_1/022-donation-5.svg]
[demo.artureanec.com/html/helpo/mono/img/svg/icons_1/023-ecology.svg]
[demo.artureanec.com/html/helpo/mono/img/svg/icons_1/024-wheelchair.svg]
[demo.artureanec.com/html/helpo/mono/img/svg/icons_1/025-first-aid-kit.svg]
[demo.artureanec.com/html/helpo/mono/img/svg/icons_1/026-transfusion.svg]
[demo.artureanec.com/html/helpo/mono/img/svg/icons_1/027-solidarity-1.svg]
[demo.artureanec.com/html/helpo/mono/img/svg/icons_1/028-ribbon-2.svg]
[demo.artureanec.com/html/helpo/mono/img/svg/icons_1/029-balloon.svg]
[demo.artureanec.com/html/helpo/mono/img/svg/icons_1/030-donation-4.svg]
[demo.artureanec.com/html/helpo/mono/img/svg/icons_1/031-package.svg]
[demo.artureanec.com/html/helpo/mono/img/svg/icons_1/032-bread.svg]
[demo.artureanec.com/html/helpo/mono/img/svg/icons_1/033-donation-3.svg]
[demo.artureanec.com/html/helpo/mono/img/svg/icons_1/034-charity-3.svg]
[demo.artureanec.com/html/helpo/mono/img/svg/icons_1/035-donation-2.svg]
[demo.artureanec.com/html/helpo/mono/img/single_3.png]
[demo.artureanec.com/html/helpo/mono/img/svg/icons_1/036-mail.svg]
[demo.artureanec.com/html/helpo/mono/img/svg/icons_1/037-money.svg]
[demo.artureanec.com/html/helpo/mono/img/svg/icons_1/038-shirt.svg]
[demo.artureanec.com/html/helpo/mono/img/svg/icons_1/039-charity-2.svg]
[demo.artureanec.com/html/helpo/mono/img/svg/icons_1/040-ribbon-1.svg]
[demo.artureanec.com/html/helpo/mono/img/svg/icons_1/041-house-1.svg]
[demo.artureanec.com/html/helpo/mono/img/svg/icons_1/043-donation-1.svg]
[demo.artureanec.com/html/helpo/mono/img/svg/icons_1/044-donation.svg]
[demo.artureanec.com/html/helpo/mono/img/svg/icons_1/047-world-grid.svg]
[demo.artureanec.com/html/helpo/mono/img/svg/icons_1/048-ribbon.svg]
[demo.artureanec.com/html/helpo/mono/img/svg/icons_1/049-smartphone.svg]
[demo.artureanec.com/html/helpo/mono/img/svg/icons_1/050-charity.svg]
[demo.artureanec.com/html/helpo/mono/img/svg/icons_2/1_basket.svg]
[demo.artureanec.com/html/helpo/mono/img/svg/icons_2/1_blood.svg]
[demo.artureanec.com/html/helpo/mono/img/svg/icons_2/1_charity.svg]
[demo.artureanec.com/html/helpo/mono/img/svg/icons_2/1_donate.svg]
[demo.artureanec.com/html/helpo/mono/img/svg/icons_2/1_hand.svg]
[demo.artureanec.com/html/helpo/mono/img/svg/icons_2/1_hand_love.svg]
[demo.artureanec.com/html/helpo/mono/img/svg/icons_2/1_earth.svg]
[demo.artureanec.com/html/helpo/mono/img/svg/icons_2/1_house.svg]
[demo.artureanec.com/html/helpo/mono/img/svg/icons_2/1_kids.svg]
[demo.artureanec.com/html/helpo/mono/img/svg/icons_2/1_love.svg]
[demo.artureanec.com/html/helpo/mono/img/svg/icons_2/1_money.svg]
[demo.artureanec.com/html/helpo/mono/img/svg/icons_2/1_money_hand.svg]
[demo.artureanec.com/html/helpo/mono/img/svg/icons_2/1_nature.svg]
[demo.artureanec.com/html/helpo/mono/img/svg/icons_2/1_people.svg]
[demo.artureanec.com/html/helpo/mono/img/svg/icons_2/1_tape.svg]
[demo.artureanec.com/html/helpo/mono/img/svg/icons_2/1_t-shirt.svg]
[demo.artureanec.com/html/helpo/mono/img/svg/icons_3/2_animal_shelter.svg]
[demo.artureanec.com/html/helpo/mono/img/svg/icons_3/2_beggar.svg]
[demo.artureanec.com/html/helpo/mono/img/svg/icons_3/2_charity.svg]
[demo.artureanec.com/html/helpo/mono/img/svg/icons_3/2_child.svg]
[demo.artureanec.com/html/helpo/mono/img/svg/icons_3/2_cooking.svg]
[demo.artureanec.com/html/helpo/mono/img/svg/icons_3/2_delivery.svg]
[demo.artureanec.com/html/helpo/mono/img/svg/icons_3/2_disabled.svg]
[demo.artureanec.com/html/helpo/mono/img/svg/icons_3/2_donate.svg]
[demo.artureanec.com/html/helpo/mono/img/svg/icons_3/2_homeless.svg]
[demo.artureanec.com/html/helpo/mono/img/svg/icons_3/2_love.svg]
[demo.artureanec.com/html/helpo/mono/img/svg/icons_3/2_money.svg]
[demo.artureanec.com/html/helpo/mono/img/svg/icons_3/2_money_hand.svg]
[demo.artureanec.com/html/helpo/mono/img/svg/icons_3/2_pc_donate.svg]
[demo.artureanec.com/html/helpo/mono/img/svg/icons_3/2_phone_donate.svg]
[demo.artureanec.com/html/helpo/mono/img/svg/icons_3/2_piggy_bank.svg]
[demo.artureanec.com/html/helpo/mono/img/svg/icons_3/2_receipt.svg]
[demo.artureanec.com/html/helpo/mono/img/svg/icons_4/3_blood.svg]
[demo.artureanec.com/html/helpo/mono/img/svg/icons_4/3_childs_hand.svg]
[demo.artureanec.com/html/helpo/mono/img/svg/icons_4/3_donat_money.svg]
[demo.artureanec.com/html/helpo/mono/img/svg/icons_4/3_donate.svg]
[demo.artureanec.com/html/helpo/mono/img/svg/icons_4/3_earth.svg]
[demo.artureanec.com/html/helpo/mono/img/svg/icons_4/3_food.svg]
[demo.artureanec.com/html/helpo/mono/img/svg/icons_4/3_hand.svg]
[demo.artureanec.com/html/helpo/mono/img/svg/icons_4/3_help.svg]
[demo.artureanec.com/html/helpo/mono/img/svg/icons_4/3_house.svg]
[demo.artureanec.com/html/helpo/mono/img/svg/icons_4/3_love.svg]
[demo.artureanec.com/html/helpo/mono/img/svg/icons_4/3_love_hand.svg]
[demo.artureanec.com/html/helpo/mono/img/svg/icons_1/042-house.svg]
[demo.artureanec.com/html/helpo/mono/img/svg/icons_4/3_piggy_bank.svg]
[demo.artureanec.com/html/helpo/mono/img/svg/icons_4/3_pram.svg]
[demo.artureanec.com/html/helpo/mono/img/svg/icons_4/3_present.svg]
[demo.artureanec.com/html/helpo/mono/img/svg/icons_4/3_tape.svg]
[demo.artureanec.com/html/helpo/mono/img/svg/icons_1/045-charity-1.svg]
[demo.artureanec.com/html/helpo/mono/img/svg/icons_1/046-solidarity.svg]
[demo.artureanec.com/html/helpo/mono/img/svg/icons_4/3_money.svg]
[demo.artureanec.com/html/helpo/img/single_3.png]
[demo.artureanec.com/html/helpo/img/svg/icons_1/001-donate-2.svg]
[demo.artureanec.com/html/helpo/img/svg/icons_1/002-donate-1.svg]
[demo.artureanec.com/html/helpo/img/svg/icons_1/003-money-bag.svg]
[demo.artureanec.com/html/helpo/img/svg/icons_1/004-donation-9.svg]
[demo.artureanec.com/html/helpo/img/svg/icons_1/005-charity-4.svg]
[demo.artureanec.com/html/helpo/img/svg/icons_1/006-woman.svg]
[demo.artureanec.com/html/helpo/img/svg/icons_1/007-church.svg]
[demo.artureanec.com/html/helpo/img/svg/icons_1/008-bible.svg]
[demo.artureanec.com/html/helpo/img/svg/icons_1/009-loudspeaker.svg]
[demo.artureanec.com/html/helpo/img/svg/icons_1/010-people.svg]
[demo.artureanec.com/html/helpo/img/svg/icons_1/011-heart-box.svg]
[demo.artureanec.com/html/helpo/img/svg/icons_1/012-balance.svg]
[demo.artureanec.com/html/helpo/img/svg/icons_1/013-heart.svg]
[demo.artureanec.com/html/helpo/img/svg/icons_1/014-donate.svg]
[demo.artureanec.com/html/helpo/img/svg/icons_1/015-donation-8.svg]
[demo.artureanec.com/html/helpo/img/svg/icons_1/016-blood.svg]
[demo.artureanec.com/html/helpo/img/svg/icons_1/017-man.svg]
[demo.artureanec.com/html/helpo/img/svg/icons_1/018-donation-7.svg]
[demo.artureanec.com/html/helpo/img/svg/icons_1/019-donation-6.svg]
[demo.artureanec.com/html/helpo/img/svg/icons_1/020-location.svg]
[demo.artureanec.com/html/helpo/img/svg/icons_1/021-gift.svg]
[demo.artureanec.com/html/helpo/img/svg/icons_1/022-donation-5.svg]
[demo.artureanec.com/html/helpo/img/svg/icons_1/023-ecology.svg]
[demo.artureanec.com/html/helpo/img/svg/icons_1/024-wheelchair.svg]
[demo.artureanec.com/html/helpo/img/svg/icons_1/025-first-aid-kit.svg]
[demo.artureanec.com/html/helpo/img/svg/icons_1/026-transfusion.svg]
[demo.artureanec.com/html/helpo/img/svg/icons_1/027-solidarity-1.svg]
[demo.artureanec.com/html/helpo/img/svg/icons_1/028-ribbon-2.svg]
[demo.artureanec.com/html/helpo/img/svg/icons_1/029-balloon.svg]
[demo.artureanec.com/html/helpo/img/svg/icons_1/030-donation-4.svg]
[demo.artureanec.com/html/helpo/img/svg/icons_1/031-package.svg]
[demo.artureanec.com/html/helpo/img/svg/icons_1/032-bread.svg]
[demo.artureanec.com/html/helpo/img/svg/icons_1/033-donation-3.svg]
[demo.artureanec.com/html/helpo/img/svg/icons_1/034-charity-3.svg]
[demo.artureanec.com/html/helpo/img/svg/icons_1/035-donation-2.svg]
[demo.artureanec.com/html/helpo/img/svg/icons_1/036-mail.svg]
[demo.artureanec.com/html/helpo/img/svg/icons_1/037-money.svg]
[demo.artureanec.com/html/helpo/img/svg/icons_1/038-shirt.svg]
[demo.artureanec.com/html/helpo/img/svg/icons_1/039-charity-2.svg]
[demo.artureanec.com/html/helpo/img/svg/icons_1/040-ribbon-1.svg]
[demo.artureanec.com/html/helpo/img/svg/icons_1/041-house-1.svg]
[demo.artureanec.com/html/helpo/img/svg/icons_1/042-house.svg]
[demo.artureanec.com/html/helpo/img/svg/icons_1/043-donation-1.svg]
[demo.artureanec.com/html/helpo/img/svg/icons_1/044-donation.svg]
[demo.artureanec.com/html/helpo/img/svg/icons_1/045-charity-1.svg]
[demo.artureanec.com/html/helpo/img/svg/icons_1/046-solidarity.svg]
[demo.artureanec.com/html/helpo/img/svg/icons_1/047-world-grid.svg]
[demo.artureanec.com/html/helpo/img/alerts.jpg]
[demo.artureanec.com/html/helpo/img/svg/icons_1/049-smartphone.svg]
[demo.artureanec.com/html/helpo/img/marker.png]
[demo.artureanec.com/html/helpo/img/svg/icons_1/050-charity.svg]
[demo.artureanec.com/html/helpo/img/svg/icons_2/1_hand.svg]
[demo.artureanec.com/html/helpo/img/svg/icons_2/1_hand_love.svg]
[demo.artureanec.com/html/helpo/img/svg/icons_2/1_earth.svg]
[demo.artureanec.com/html/helpo/img/svg/icons_2/1_kids.svg]
[demo.artureanec.com/html/helpo/img/svg/icons_2/1_love.svg]
[demo.artureanec.com/html/helpo/img/svg/icons_2/1_money.svg]
[demo.artureanec.com/html/helpo/img/svg/icons_2/1_money_hand.svg]
[demo.artureanec.com/html/helpo/img/svg/icons_2/1_people.svg]
[demo.artureanec.com/html/helpo/img/svg/icons_2/1_tape.svg]
[demo.artureanec.com/html/helpo/img/svg/icons_2/1_t-shirt.svg]
[demo.artureanec.com/html/helpo/img/svg/icons_3/2_cooking.svg]
[demo.artureanec.com/html/helpo/img/svg/icons_3/2_delivery.svg]
[demo.artureanec.com/html/helpo/img/svg/icons_3/2_disabled.svg]
[demo.artureanec.com/html/helpo/img/svg/icons_3/2_donate.svg]
[demo.artureanec.com/html/helpo/img/svg/icons_3/2_homeless.svg]
[demo.artureanec.com/html/helpo/img/svg/icons_3/2_money.svg]
[demo.artureanec.com/html/helpo/img/svg/icons_1/048-ribbon.svg]
[demo.artureanec.com/html/helpo/img/svg/icons_3/2_receipt.svg]
[demo.artureanec.com/html/helpo/img/svg/icons_4/3_blood.svg]
[demo.artureanec.com/html/helpo/img/svg/icons_4/3_childs_hand.svg]
[demo.artureanec.com/html/helpo/img/svg/icons_4/3_donat_money.svg]
[demo.artureanec.com/html/helpo/img/svg/icons_4/3_donate.svg]
[demo.artureanec.com/html/helpo/img/svg/icons_2/1_basket.svg]
[demo.artureanec.com/html/helpo/img/svg/icons_2/1_donate.svg]
[demo.artureanec.com/html/helpo/img/svg/icons_3/2_pc_donate.svg]
[demo.artureanec.com/html/helpo/img/svg/icons_4/3_earth.svg]
[demo.artureanec.com/html/helpo/img/svg/icons_4/3_hand.svg]
[demo.artureanec.com/html/helpo/img/svg/icons_4/3_food.svg]
[demo.artureanec.com/html/helpo/img/svg/icons_4/3_money.svg]
[demo.artureanec.com/html/helpo/img/svg/icons_4/3_piggy_bank.svg]
[demo.artureanec.com/html/helpo/img/svg/icons_4/3_pram.svg]
[demo.artureanec.com/html/helpo/img/svg/icons_4/3_present.svg]
[demo.artureanec.com/html/helpo/img/svg/icons_4/3_tape.svg]
[demo.artureanec.com/html/helpo/img/svg/icons_3/2_money_hand.svg]
[demo.artureanec.com/html/helpo/mono/fonts/font-awesome/fontawesome-webfont3e6e.svg]
[demo.artureanec.com/html/helpo/mono/img/svg/icons_1/036-mail.svg]
[demo.artureanec.com/html/helpo/mono/img/svg/icons_1/042-house.svg]
[demo.artureanec.com/html/helpo/mono/img/svg/icons_1/045-charity-1.svg]
[demo.artureanec.com/html/helpo/mono/img/svg/icons_1/046-solidarity.svg]
[demo.artureanec.com/html/helpo/mono/img/svg/icons_4/3_money.svg]
[demo.artureanec.com/html/helpo/storie-details.html]
[demo.artureanec.com/html/helpo/img/single_1.png]
[demo.artureanec.com/html/helpo/img/single_2.png]
[demo.artureanec.com/html/helpo/img/svg/icons_1/048-ribbon.svg]
[demo.artureanec.com/html/helpo/img/svg/icons_1/050-charity.svg]
[demo.artureanec.com/html/helpo/img/svg/icons_2/1_basket.svg]
[demo.artureanec.com/html/helpo/img/svg/icons_2/1_donate.svg]
[demo.artureanec.com/html/helpo/img/svg/icons_3/2_pc_donate.svg]
[demo.artureanec.com/html/helpo/img/svg/icons_4/3_earth.svg]
[demo.artureanec.com/html/helpo/img/svg/icons_4/3_food.svg]
[demo.artureanec.com/html/helpo/img/svg/icons_4/3_hand.svg]
[demo.artureanec.com/html/helpo/img/svg/icons_4/3_help.svg]
[demo.artureanec.com/html/helpo/img/svg/icons_4/3_house.svg]
[demo.artureanec.com/html/helpo/img/svg/icons_4/3_love.svg]
[demo.artureanec.com/html/helpo/img/svg/icons_4/3_love_hand.svg]
[demo.artureanec.com/html/helpo/mono/img/bottom-bg.html]
[demo.artureanec.com/html/helpo/mono/img/comment_2.jpg]
[demo.artureanec.com/html/helpo/mono/img/comment_3.jpg]
[demo.artureanec.com/html/helpo/mono/img/gallery_4.jpg]
